adamant
adept
adventurous
arcadian
auspicious
awesome
bold
blossoming
brave
charming
chatty
circular
considerate
cubic
curious
delighted
didactic
diligent
effulgent
erudite
excellent
exquisite
fabulous
fascinating
friendly
gentle
glowing
gracious
gregarious
hopeful
implacable
inventive
joyous
judicious
jumping
kind
likable
loyal
lucky
marvellous
mellifluous
nautical
oblong
outstanding
polished
polite
profound
quadratic
quiet
radiant
rectangular
remarkable
rusty
sensible
sincere
sparkling
splendid
stellar
swift
tenacious
tremendous
triangular
undulating
unflappable
unique
verdant
vitreous
wise
zippy
