askew
baffled
bewildered
bouncy
boinging
bubbly
cantankerous
cheeky
clumsy
cranky
daft
dazed
dazzling
dizzy
dozy
drooling
drowsy
effervescent
ecstatic
floppy
frazzled
frolicking
fuddled
fumbling
giddy
giggly
glitchy
glowing
goofy
grinning
grumpy
hapless
hiccuping
hopping
hungry
jittery
jolly
jumbled
jubilant
kooky
laughing
lively
loopy
lopsided
merry
muddled
noisy
oblivious
oddball
offbeat
perky
perplexed
playful
prancing
radiant
ruffled
scruffy
shambolic
shiny
silly
skewed
sleepy
sneezy
sniffling
spiky
spluttering
sprightly
squiggly
stumbling
sunny
swaggering
tipsy
topsy-turvy
tumbling
twitchy
unflappable
wiggly
wobbly
woozy
yawning
zany
zooming
