aardvark
accordion
apple
apricot
bee
brachiosaur
cactus
capsicum
clarinet
cowbell
crab
cuckoo
cymbal
diplodocus
donkey
drum
duck
echidna
elephant
foxglove
forest
galaxy
glockenspiel
goose
hill
horse
iguanadon
jellyfish
kangaroo
lake
lemon
lemur
magpie
megalodon
mountain
mouse
muskrat
newt
oboe
ocelot
orange
ocean
panda
peach
pepper
petunia
pheasant
piano
pigeon
platypus
quasar
rhinoceros
river
rustacean
salamander
sitar
stegosaurus
tambourine
tiger
tomato
triceratops
ukulele
viola
weasel
xylophone
yak
zebra
